c:\users\treys\source\repos\poo_1920_alinotavares_21230231_igorsemedo_21240086\poometa2vs\debug\vc141.pdb
c:\users\treys\source\repos\poo_1920_alinotavares_21230231_igorsemedo_21240086\poometa2vs\debug\vc141.idb
c:\users\treys\source\repos\poo_1920_alinotavares_21230231_igorsemedo_21240086\poometa2vs\debug\surpresa.obj
c:\users\treys\source\repos\poo_1920_alinotavares_21230231_igorsemedo_21240086\poometa2vs\debug\simulador.obj
c:\users\treys\source\repos\poo_1920_alinotavares_21230231_igorsemedo_21240086\poometa2vs\debug\rapido.obj
c:\users\treys\source\repos\poo_1920_alinotavares_21230231_igorsemedo_21240086\poometa2vs\debug\piloto.obj
c:\users\treys\source\repos\poo_1920_alinotavares_21230231_igorsemedo_21240086\poometa2vs\debug\main.obj
c:\users\treys\source\repos\poo_1920_alinotavares_21230231_igorsemedo_21240086\poometa2vs\debug\interface.obj
c:\users\treys\source\repos\poo_1920_alinotavares_21230231_igorsemedo_21240086\poometa2vs\debug\equipa.obj
c:\users\treys\source\repos\poo_1920_alinotavares_21230231_igorsemedo_21240086\poometa2vs\debug\dgv.obj
c:\users\treys\source\repos\poo_1920_alinotavares_21230231_igorsemedo_21240086\poometa2vs\debug\crazydriver.obj
c:\users\treys\source\repos\poo_1920_alinotavares_21230231_igorsemedo_21240086\poometa2vs\debug\consola.obj
c:\users\treys\source\repos\poo_1920_alinotavares_21230231_igorsemedo_21240086\poometa2vs\debug\carro.obj
c:\users\treys\source\repos\poo_1920_alinotavares_21230231_igorsemedo_21240086\poometa2vs\debug\campeonato.obj
c:\users\treys\source\repos\poo_1920_alinotavares_21230231_igorsemedo_21240086\poometa2vs\debug\autodromo.obj
c:\users\treys\source\repos\poo_1920_alinotavares_21230231_igorsemedo_21240086\debug\poometa2vs.exe
c:\users\treys\source\repos\poo_1920_alinotavares_21230231_igorsemedo_21240086\debug\poometa2vs.ilk
c:\users\treys\source\repos\poo_1920_alinotavares_21230231_igorsemedo_21240086\debug\poometa2vs.pdb
c:\users\treys\source\repos\poo_1920_alinotavares_21230231_igorsemedo_21240086\poometa2vs\debug\poometa2vs.tlog\cl.command.1.tlog
c:\users\treys\source\repos\poo_1920_alinotavares_21230231_igorsemedo_21240086\poometa2vs\debug\poometa2vs.tlog\cl.read.1.tlog
c:\users\treys\source\repos\poo_1920_alinotavares_21230231_igorsemedo_21240086\poometa2vs\debug\poometa2vs.tlog\cl.write.1.tlog
c:\users\treys\source\repos\poo_1920_alinotavares_21230231_igorsemedo_21240086\poometa2vs\debug\poometa2vs.tlog\link.command.1.tlog
c:\users\treys\source\repos\poo_1920_alinotavares_21230231_igorsemedo_21240086\poometa2vs\debug\poometa2vs.tlog\link.read.1.tlog
c:\users\treys\source\repos\poo_1920_alinotavares_21230231_igorsemedo_21240086\poometa2vs\debug\poometa2vs.tlog\link.write.1.tlog
